Messages from application of C:\Users\msalo\AppData\Local\Packages\PythonSoftwareFoundation.Python.3.8_qbz5n2kfra8p0\LocalCache\local-packages\Python38\site-packages\pretext\static\xsl\pretext-html.xsl:
PTX:ERROR:   An object (equation) lacks a serial number, search output for "[NUM]"
             located within: "eq_threenorm" (xml:id)
PTX:ERROR:   An object (equation) lacks a structure number, search output for "[STRUCT]"
             located within: "eq_threenorm" (xml:id)
MBX:WARNING: could not translate string with id "equation" into language for code "en-US"
PTX:ERROR:   An object (equation) lacks a serial number, search output for "[NUM]"
             located within: "eq_threenorm" (xml:id)
PTX:ERROR:   An object (equation) lacks a structure number, search output for "[STRUCT]"
             located within: "eq_threenorm" (xml:id)
MBX:WARNING: could not translate string with id "equation" into language for code "en-US"
PTX:ERROR:   An object (equation) lacks a serial number, search output for "[NUM]"
             located within: "eq_threenorm" (xml:id)
PTX:ERROR:   An object (equation) lacks a structure number, search output for "[STRUCT]"
             located within: "eq_threenorm" (xml:id)
PTX:ERROR:   An object (equation) lacks a serial number, search output for "[NUM]"
             located within: "eq_threenorm" (xml:id)
PTX:ERROR:   An object (equation) lacks a structure number, search output for "[STRUCT]"
             located within: "eq_threenorm" (xml:id)
MBX:WARNING: could not translate string with id "equation" into language for code "en-US"
PTX:ERROR:   An object (equation) lacks a serial number, search output for "[NUM]"
             located within: "eq_threenorm" (xml:id)
PTX:ERROR:   An object (equation) lacks a structure number, search output for "[STRUCT]"
             located within: "eq_threenorm" (xml:id)
MBX:WARNING: could not translate string with id "equation" into language for code "en-US"
PTX:ERROR:   An object (equation) lacks a serial number, search output for "[NUM]"
             located within: "eq_threenorm" (xml:id)
PTX:ERROR:   An object (equation) lacks a structure number, search output for "[STRUCT]"
             located within: "eq_threenorm" (xml:id)
